[2017-10-10 16:42:59] production.ERROR: ErrorException: file_get_contents(/Users/nayeyangguang/Desktop/sxcert/.env): failed to open stream: No such file or directory in /Users/nayeyangguang/Desktop/sxcert/vendor/laravel/framework/src/Illuminate/Foundation/Console/KeyGenerateCommand.php:95
Stack trace:
#0 [internal function]: Illuminate\Foundation\Bootstrap\HandleExceptions->handleError(2, 'file_get_conten...', '/Users/nayeyang...', 95, Array)
#1 /Users/nayeyangguang/Desktop/sxcert/vendor/laravel/framework/src/Illuminate/Foundation/Console/KeyGenerateCommand.php(95): file_get_contents('/Users/nayeyang...')
#2 /Users/nayeyangguang/Desktop/sxcert/vendor/laravel/framework/src/Illuminate/Foundation/Console/KeyGenerateCommand.php(79): Illuminate\Foundation\Console\KeyGenerateCommand->writeNewEnvironmentFileWith('base64:UhZzxR4r...')
#3 /Users/nayeyangguang/Desktop/sxcert/vendor/laravel/framework/src/Illuminate/Foundation/Console/KeyGenerateCommand.php(44): Illuminate\Foundation\Console\KeyGenerateCommand->setKeyInEnvironmentFile('base64:UhZzxR4r...')
#4 [internal function]: Illuminate\Foundation\Console\KeyGenerateCommand->fire()
#5 /Users/nayeyangguang/Desktop/sxcert/vendor/laravel/framework/src/Illuminate/Container/BoundMethod.php(29): call_user_func_array(Array, Array)
#6 /Users/nayeyangguang/Desktop/sxcert/vendor/laravel/framework/src/Illuminate/Container/BoundMethod.php(87): Illuminate\Container\BoundMethod::Illuminate\Container\{closure}()
#7 /Users/nayeyangguang/Desktop/sxcert/vendor/laravel/framework/src/Illuminate/Container/BoundMethod.php(31): Illuminate\Container\BoundMethod::callBoundMethod(Object(Illuminate\Foundation\Application), Array, Object(Closure))
#8 /Users/nayeyangguang/Desktop/sxcert/vendor/laravel/framework/src/Illuminate/Container/Container.php(531): Illuminate\Container\BoundMethod::call(Object(Illuminate\Foundation\Application), Array, Array, NULL)
#9 /Users/nayeyangguang/Desktop/sxcert/vendor/laravel/framework/src/Illuminate/Console/Command.php(182): Illuminate\Container\Container->call(Array)
#10 /Users/nayeyangguang/Desktop/sxcert/vendor/symfony/console/Command/Command.php(265): Illuminate\Console\Command->execute(Object(Symfony\Component\Console\Input\ArgvInput), Object(Illuminate\Console\OutputStyle))
#11 /Users/nayeyangguang/Desktop/sxcert/vendor/laravel/framework/src/Illuminate/Console/Command.php(167): Symfony\Component\Console\Command\Command->run(Object(Symfony\Component\Console\Input\ArgvInput), Object(Illuminate\Console\OutputStyle))
#12 /Users/nayeyangguang/Desktop/sxcert/vendor/symfony/console/Application.php(826): Illuminate\Console\Command->run(Object(Symfony\Component\Console\Input\ArgvInput), Object(Symfony\Component\Console\Output\ConsoleOutput))
#13 /Users/nayeyangguang/Desktop/sxcert/vendor/symfony/console/Application.php(189): Symfony\Component\Console\Application->doRunCommand(Object(Illuminate\Foundation\Console\KeyGenerateCommand), Object(Symfony\Component\Console\Input\ArgvInput), Object(Symfony\Component\Console\Output\ConsoleOutput))
#14 /Users/nayeyangguang/Desktop/sxcert/vendor/symfony/console/Application.php(120): Symfony\Component\Console\Application->doRun(Object(Symfony\Component\Console\Input\ArgvInput), Object(Symfony\Component\Console\Output\ConsoleOutput))
#15 /Users/nayeyangguang/Desktop/sxcert/vendor/laravel/framework/src/Illuminate/Foundation/Console/Kernel.php(123): Symfony\Component\Console\Application->run(Object(Symfony\Component\Console\Input\ArgvInput), Object(Symfony\Component\Console\Output\ConsoleOutput))
#16 /Users/nayeyangguang/Desktop/sxcert/artisan(35): Illuminate\Foundation\Console\Kernel->handle(Object(Symfony\Component\Console\Input\ArgvInput), Object(Symfony\Component\Console\Output\ConsoleOutput))
#17 {main}  
